<?xml version="1.0" encoding="UTF-8"?>
<testng-results skipped="0" failed="0" total="1" passed="1">
  <reporter-output>
  </reporter-output>
  <suite name="Default suite" duration-ms="18054" started-at="2016-08-15T07:53:19Z" finished-at="2016-08-15T07:53:37Z">
    <groups>
    </groups>
    <test name="Default test" duration-ms="18054" started-at="2016-08-15T07:53:19Z" finished-at="2016-08-15T07:53:37Z">
      <class name="test.login.WrongUser">
        <test-method status="PASS" signature="beforeClass()[pri:0, instance:test.login.WrongUser@2669b199]" name="beforeClass" is-config="true" duration-ms="9398" started-at="2016-08-15T09:53:19Z" finished-at="2016-08-15T09:53:29Z">
          <reporter-output>
          </reporter-output>
        </test-method> <!-- beforeClass -->
        <test-method status="PASS" signature="f()[pri:0, instance:test.login.WrongUser@2669b199]" name="f" duration-ms="7574" started-at="2016-08-15T09:53:29Z" finished-at="2016-08-15T09:53:36Z">
          <reporter-output>
          </reporter-output>
        </test-method> <!-- f -->
        <test-method status="PASS" signature="afterClass()[pri:0, instance:test.login.WrongUser@2669b199]" name="afterClass" is-config="true" duration-ms="1058" started-at="2016-08-15T09:53:36Z" finished-at="2016-08-15T09:53:37Z">
          <reporter-output>
          </reporter-output>
        </test-method> <!-- afterClass -->
      </class> <!-- test.login.WrongUser -->
    </test> <!-- Default test -->
  </suite> <!-- Default suite -->
</testng-results>
